<?xml version="1.0" encoding="UTF-8"?>
<testng-results ignored="0" total="4" passed="4" failed="0" skipped="0">
  <reporter-output>
  </reporter-output>
  <suite started-at="2025-06-28T01:29:48 IST" name="Suite" finished-at="2025-06-28T01:29:57 IST" duration-ms="9306">
    <groups>
    </groups>
    <test started-at="2025-06-28T01:29:48 IST" name="Test" finished-at="2025-06-28T01:29:57 IST" duration-ms="9306">
      <class name="apiChainingHttpMethodInDiffrentClass.DeleteUserTest">
        <test-method signature="deleteUser(org.testng.ITestContext)[pri:0, instance:apiChainingHttpMethodInDiffrentClass.DeleteUserTest@1018bde2]" started-at="2025-06-28T01:29:56 IST" name="deleteUser" finished-at="2025-06-28T01:29:57 IST" depends-on-methods="apiChainingHttpMethodInDiffrentClass.UpdateUserTest.updateUser" duration-ms="1107" status="PASS">
          <params>
            <param index="0">
              <value>
                <![CDATA[org.testng.TestRunner@70e9c95d]]>
              </value>
            </param>
          </params>
          <reporter-output>
          </reporter-output>
        </test-method> <!-- deleteUser -->
      </class> <!-- apiChainingHttpMethodInDiffrentClass.DeleteUserTest -->
      <class name="apiChainingHttpMethodInDiffrentClass.GetUserTest">
        <test-method signature="getUser(org.testng.ITestContext)[pri:0, instance:apiChainingHttpMethodInDiffrentClass.GetUserTest@60015ef5]" started-at="2025-06-28T01:29:54 IST" name="getUser" finished-at="2025-06-28T01:29:55 IST" depends-on-methods="apiChainingHttpMethodInDiffrentClass.CreateUserTest.createUser" duration-ms="1109" status="PASS">
          <params>
            <param index="0">
              <value>
                <![CDATA[org.testng.TestRunner@70e9c95d]]>
              </value>
            </param>
          </params>
          <reporter-output>
          </reporter-output>
        </test-method> <!-- getUser -->
      </class> <!-- apiChainingHttpMethodInDiffrentClass.GetUserTest -->
      <class name="apiChainingHttpMethodInDiffrentClass.CreateUserTest">
        <test-method signature="createUser(org.testng.ITestContext)[pri:0, instance:apiChainingHttpMethodInDiffrentClass.CreateUserTest@3e96bacf]" started-at="2025-06-28T01:29:48 IST" name="createUser" finished-at="2025-06-28T01:29:54 IST" duration-ms="5775" status="PASS">
          <params>
            <param index="0">
              <value>
                <![CDATA[org.testng.TestRunner@70e9c95d]]>
              </value>
            </param>
          </params>
          <reporter-output>
          </reporter-output>
        </test-method> <!-- createUser -->
      </class> <!-- apiChainingHttpMethodInDiffrentClass.CreateUserTest -->
      <class name="apiChainingHttpMethodInDiffrentClass.UpdateUserTest">
        <test-method signature="updateUser(org.testng.ITestContext)[pri:0, instance:apiChainingHttpMethodInDiffrentClass.UpdateUserTest@2f54a33d]" started-at="2025-06-28T01:29:55 IST" name="updateUser" finished-at="2025-06-28T01:29:56 IST" depends-on-methods="apiChainingHttpMethodInDiffrentClass.GetUserTest.getUser" duration-ms="1190" status="PASS">
          <params>
            <param index="0">
              <value>
                <![CDATA[org.testng.TestRunner@70e9c95d]]>
              </value>
            </param>
          </params>
          <reporter-output>
          </reporter-output>
        </test-method> <!-- updateUser -->
      </class> <!-- apiChainingHttpMethodInDiffrentClass.UpdateUserTest -->
    </test> <!-- Test -->
  </suite> <!-- Suite -->
</testng-results>
