<?xml version="1.0" encoding="UTF-8"?>
<!-- Generated by org.testng.reporters.JUnitXMLReporter -->
<testsuite ignored="0" hostname="DESKTOP-B8464IP" failures="0" tests="4" name="Test" time="9.306" errors="0" timestamp="2025-06-28T01:29:57 IST">
  <testcase classname="apiChainingHttpMethodInDiffrentClass.CreateUserTest" name="createUser" time="5.775"/>
  <testcase classname="apiChainingHttpMethodInDiffrentClass.GetUserTest" name="getUser" time="1.109"/>
  <testcase classname="apiChainingHttpMethodInDiffrentClass.UpdateUserTest" name="updateUser" time="1.19"/>
  <testcase classname="apiChainingHttpMethodInDiffrentClass.DeleteUserTest" name="deleteUser" time="1.107"/>
</testsuite> <!-- Test -->
